生成启动时间为 2014/9/22 11:13:07。
     1>项目“C:\Users\Administrator\documents\visual studio 2010\Projects\CPointor10\CPointor10.vcxproj”在节点 2 上(build 个目标)。
     1>InitializeBuildStatus:
         正在创建“Debug\CPointor10.unsuccessfulbuild”，因为已指定“AlwaysCreate”。
       ClCompile:
         D:\Program Files (x86)\Microsoft Visual Studio 10.0\VC\bin\CL.exe /c /ZI /nologo /W3 /WX- /Od /Oy- /D WIN32 /D _DEBUG /D _CONSOLE /D _UNICODE /D UNICODE /Gm /EHsc /RTC1 /MDd /GS /fp:precise /Zc:wchar_t /Zc:forScope /Fo"Debug\\" /Fd"Debug\vc100.pdb" /Gd /TC /analyze- /errorReport:prompt "结构体.c"
         结构体.c
     1>c:\users\administrator\documents\visual studio 2010\projects\cpointor10\结构体.c(37): warning C4273: “strdup”: dll 链接不一致
                 d:\program files (x86)\microsoft visual studio 10.0\vc\include\string.h(238) : 参见“strdup”的前一个定义
     1>c:\users\administrator\documents\visual studio 2010\projects\cpointor10\结构体.c(61): warning C4308: 负整型常量转换为无符号类型
     1>c:\users\administrator\documents\visual studio 2010\projects\cpointor10\结构体.c(56): warning C4101: “ip”: 未引用的局部变量
     1>c:\users\administrator\documents\visual studio 2010\projects\cpointor10\结构体.c(69): warning C4996: 'strcpy': This function or variable may be unsafe. Consider using strcpy_s instead. To disable deprecation, use _CRT_SECURE_NO_WARNINGS. See online help for details.
                 d:\program files (x86)\microsoft visual studio 10.0\vc\include\string.h(105) : 参见“strcpy”的声明
     1>c:\users\administrator\documents\visual studio 2010\projects\cpointor10\结构体.c(87): warning C4996: 'strcpy': This function or variable may be unsafe. Consider using strcpy_s instead. To disable deprecation, use _CRT_SECURE_NO_WARNINGS. See online help for details.
                 d:\program files (x86)\microsoft visual studio 10.0\vc\include\string.h(105) : 参见“strcpy”的声明
       ManifestResourceCompile:
         所有输出均为最新。
       Link:
         D:\Program Files (x86)\Microsoft Visual Studio 10.0\VC\bin\link.exe /ERRORREPORT:PROMPT /OUT:"C:\Users\Administrator\documents\visual studio 2010\Projects\CPointor5\Debug\CPointor10.exe" /INCREMENTAL /NOLOGO kernel32.lib user32.lib gdi32.lib winspool.lib comdlg32.lib advapi32.lib shell32.lib ole32.lib oleaut32.lib uuid.lib odbc32.lib odbccp32.lib /MANIFEST /ManifestFile:"Debug\CPointor10.exe.intermediate.manifest" /MANIFESTUAC:"level='asInvoker' uiAccess='false'" /DEBUG /PDB:"C:\Users\Administrator\documents\visual studio 2010\Projects\CPointor5\Debug\CPointor10.pdb" /SUBSYSTEM:CONSOLE /TLBID:1 /DYNAMICBASE /NXCOMPAT /IMPLIB:"C:\Users\Administrator\documents\visual studio 2010\Projects\CPointor5\Debug\CPointor10.lib" /MACHINE:X86 Debug\CPointor10.exe.embed.manifest.res
         Debug\other.obj
         "Debug\结构体.obj"
       Manifest:
         C:\Program Files (x86)\Microsoft SDKs\Windows\v7.0A\bin\mt.exe /nologo /verbose /out:"Debug\CPointor10.exe.embed.manifest" /manifest Debug\CPointor10.exe.intermediate.manifest
         所有输出均为最新。
       LinkEmbedManifest:
         所有输出均为最新。
         CPointor10.vcxproj -> C:\Users\Administrator\documents\visual studio 2010\Projects\CPointor5\Debug\CPointor10.exe
       FinalizeBuildStatus:
         正在删除文件“Debug\CPointor10.unsuccessfulbuild”。
         正在对“Debug\CPointor10.lastbuildstate”执行 Touch 任务。
     1>已完成生成项目“C:\Users\Administrator\documents\visual studio 2010\Projects\CPointor10\CPointor10.vcxproj”(build 个目标)的操作。

生成成功。

已用时间 00:00:00.53
