生成启动时间为 2014/9/3 13:55:17。
     1>项目“C:\Users\Administrator\Documents\visual studio 2010\Projects\TheSencondChapor\TheSencondChapor\TheSencondChapor.vcxproj”在节点 2 上(build 个目标)。
     1>InitializeBuildStatus:
         正在创建“Debug\TheSencondChapor.unsuccessfulbuild”，因为已指定“AlwaysCreate”。
       ClCompile:
         D:\Program Files (x86)\Microsoft Visual Studio 10.0\VC\bin\CL.exe /c /ZI /nologo /W3 /WX- /Od /Oy- /D WIN32 /D _DEBUG /D _CONSOLE /D _UNICODE /D UNICODE /Gm /EHsc /RTC1 /MDd /GS /fp:precise /Zc:wchar_t /Zc:forScope /Fo"Debug\\" /Fd"Debug\vc100.pdb" /Gd /TC /analyze- /errorReport:prompt second.c
         second.c
       ManifestResourceCompile:
         所有输出均为最新。
       Link:
         D:\Program Files (x86)\Microsoft Visual Studio 10.0\VC\bin\link.exe /ERRORREPORT:PROMPT /OUT:"C:\Users\Administrator\Documents\Visual Studio 2010\Projects\TheSencondChapor\Debug\TheSencondChapor.exe" /INCREMENTAL /NOLOGO kernel32.lib user32.lib gdi32.lib winspool.lib comdlg32.lib advapi32.lib shell32.lib ole32.lib oleaut32.lib uuid.lib odbc32.lib odbccp32.lib /MANIFEST /ManifestFile:"Debug\TheSencondChapor.exe.intermediate.manifest" /MANIFESTUAC:"level='asInvoker' uiAccess='false'" /DEBUG /PDB:"C:\Users\Administrator\Documents\Visual Studio 2010\Projects\TheSencondChapor\Debug\TheSencondChapor.pdb" /SUBSYSTEM:CONSOLE /TLBID:1 /DYNAMICBASE /NXCOMPAT /IMPLIB:"C:\Users\Administrator\Documents\Visual Studio 2010\Projects\TheSencondChapor\Debug\TheSencondChapor.lib" /MACHINE:X86 Debug\TheSencondChapor.exe.embed.manifest.res
         Debug\second.obj
       Manifest:
         C:\Program Files (x86)\Microsoft SDKs\Windows\v7.0A\bin\mt.exe /nologo /verbose /out:"Debug\TheSencondChapor.exe.embed.manifest" /manifest Debug\TheSencondChapor.exe.intermediate.manifest
         所有输出均为最新。
       LinkEmbedManifest:
         所有输出均为最新。
         TheSencondChapor.vcxproj -> C:\Users\Administrator\Documents\Visual Studio 2010\Projects\TheSencondChapor\Debug\TheSencondChapor.exe
       FinalizeBuildStatus:
         正在删除文件“Debug\TheSencondChapor.unsuccessfulbuild”。
         正在对“Debug\TheSencondChapor.lastbuildstate”执行 Touch 任务。
     1>已完成生成项目“C:\Users\Administrator\Documents\visual studio 2010\Projects\TheSencondChapor\TheSencondChapor\TheSencondChapor.vcxproj”(build 个目标)的操作。

生成成功。

已用时间 00:00:01.43
