生成启动时间为 2014/9/9 10:17:30。
     1>项目“C:\Users\Administrator\documents\visual studio 2010\Projects\C语言程序设计\C语言程序设计.vcxproj”在节点 2 上(build 个目标)。
     1>InitializeBuildStatus:
         正在创建“Debug\C语言程序设计.unsuccessfulbuild”，因为已指定“AlwaysCreate”。
       ClCompile:
         D:\Program Files (x86)\Microsoft Visual Studio 10.0\VC\bin\CL.exe /c /ZI /nologo /W3 /WX- /Od /Oy- /D WIN32 /D _DEBUG /D _CONSOLE /D _UNICODE /D UNICODE /Gm /EHsc /RTC1 /MDd /GS /fp:precise /Zc:wchar_t /Zc:forScope /Fo"Debug\\" /Fd"Debug\vc100.pdb" /Gd /TC /analyze- /errorReport:prompt "结构体.c"
         结构体.c
       ManifestResourceCompile:
         所有输出均为最新。
       Link:
         D:\Program Files (x86)\Microsoft Visual Studio 10.0\VC\bin\link.exe /ERRORREPORT:PROMPT /OUT:"C:\Users\Administrator\documents\visual studio 2010\Projects\CPointor5\Debug\C语言程序设计.exe" /INCREMENTAL /NOLOGO kernel32.lib user32.lib gdi32.lib winspool.lib comdlg32.lib advapi32.lib shell32.lib ole32.lib oleaut32.lib uuid.lib odbc32.lib odbccp32.lib /MANIFEST /ManifestFile:"Debug\C语言程序设计.exe.intermediate.manifest" /MANIFESTUAC:"level='asInvoker' uiAccess='false'" /DEBUG /PDB:"C:\Users\Administrator\documents\visual studio 2010\Projects\CPointor5\Debug\C语言程序设计.pdb" /SUBSYSTEM:CONSOLE /TLBID:1 /DYNAMICBASE /NXCOMPAT /IMPLIB:"C:\Users\Administrator\documents\visual studio 2010\Projects\CPointor5\Debug\C语言程序设计.lib" /MACHINE:X86 "Debug\C语言程序设计.exe.embed.manifest.res"
         "Debug\C语言程序设计.obj"
         "Debug\函数.obj"
         "Debug\复杂声明.obj"
         "Debug\指针.obj"
         "Debug\结构体.obj"
       Manifest:
         C:\Program Files (x86)\Microsoft SDKs\Windows\v7.0A\bin\mt.exe /nologo /verbose /out:"Debug\C语言程序设计.exe.embed.manifest" /manifest "Debug\C语言程序设计.exe.intermediate.manifest"
         所有输出均为最新。
       LinkEmbedManifest:
         所有输出均为最新。
         C语言程序设计.vcxproj -> C:\Users\Administrator\documents\visual studio 2010\Projects\CPointor5\Debug\C语言程序设计.exe
       FinalizeBuildStatus:
         正在删除文件“Debug\C语言程序设计.unsuccessfulbuild”。
         正在对“Debug\C语言程序设计.lastbuildstate”执行 Touch 任务。
     1>已完成生成项目“C:\Users\Administrator\documents\visual studio 2010\Projects\C语言程序设计\C语言程序设计.vcxproj”(build 个目标)的操作。

生成成功。

已用时间 00:00:00.63
