生成启动时间为 2014/8/26 16:12:59。
     1>项目“C:\Users\Administrator\documents\visual studio 2010\Projects\CPointor2\CPointor2.vcxproj”在节点 2 上(build 个目标)。
     1>InitializeBuildStatus:
         正在创建“Debug\CPointor2.unsuccessfulbuild”，因为已指定“AlwaysCreate”。
       ClCompile:
         D:\Program Files (x86)\Microsoft Visual Studio 10.0\VC\bin\CL.exe /c /ZI /nologo /W3 /WX- /Od /Oy- /D WIN32 /D _DEBUG /D _CONSOLE /D _UNICODE /D UNICODE /Gm /EHsc /RTC1 /MDd /GS /fp:precise /Zc:wchar_t /Zc:forScope /Fo"Debug\\" /Fd"Debug\vc100.pdb" /Gd /TC /analyze- /errorReport:prompt "第二章.c"
         第二章.c
     1>c:\users\administrator\documents\visual studio 2010\projects\cpointor2\第二章.c(13): warning C4244: “初始化”: 从“long”转换到“short”，可能丢失数据
       ManifestResourceCompile:
         所有输出均为最新。
       Link:
         D:\Program Files (x86)\Microsoft Visual Studio 10.0\VC\bin\link.exe /ERRORREPORT:PROMPT /OUT:"C:\Users\Administrator\documents\visual studio 2010\Projects\CPointor1\Debug\CPointor2.exe" /INCREMENTAL /NOLOGO kernel32.lib user32.lib gdi32.lib winspool.lib comdlg32.lib advapi32.lib shell32.lib ole32.lib oleaut32.lib uuid.lib odbc32.lib odbccp32.lib /MANIFEST /ManifestFile:"Debug\CPointor2.exe.intermediate.manifest" /MANIFESTUAC:"level='asInvoker' uiAccess='false'" /DEBUG /PDB:"C:\Users\Administrator\documents\visual studio 2010\Projects\CPointor1\Debug\CPointor2.pdb" /SUBSYSTEM:CONSOLE /TLBID:1 /DYNAMICBASE /NXCOMPAT /IMPLIB:"C:\Users\Administrator\documents\visual studio 2010\Projects\CPointor1\Debug\CPointor2.lib" /MACHINE:X86 Debug\CPointor2.exe.embed.manifest.res
         Debug\increment.obj
         Debug\negate.obj
         "Debug\第二章.obj"
       Manifest:
         C:\Program Files (x86)\Microsoft SDKs\Windows\v7.0A\bin\mt.exe /nologo /verbose /out:"Debug\CPointor2.exe.embed.manifest" /manifest Debug\CPointor2.exe.intermediate.manifest
         所有输出均为最新。
       LinkEmbedManifest:
         所有输出均为最新。
         CPointor2.vcxproj -> C:\Users\Administrator\documents\visual studio 2010\Projects\CPointor1\Debug\CPointor2.exe
       FinalizeBuildStatus:
         正在删除文件“Debug\CPointor2.unsuccessfulbuild”。
         正在对“Debug\CPointor2.lastbuildstate”执行 Touch 任务。
     1>已完成生成项目“C:\Users\Administrator\documents\visual studio 2010\Projects\CPointor2\CPointor2.vcxproj”(build 个目标)的操作。

生成成功。

已用时间 00:00:00.61
