生成启动时间为 2014/8/18 13:48:09。
     1>项目“C:\Users\Administrator\Documents\Visual Studio 2010\Projects\TheThirdChaptor\TheFourChaptor\TheFourChaptor.vcxproj”在节点 2 上(build 个目标)。
     1>InitializeBuildStatus:
         正在创建“Debug\TheFourChaptor.unsuccessfulbuild”，因为已指定“AlwaysCreate”。
       ClCompile:
         D:\Program Files (x86)\Microsoft Visual Studio 10.0\VC\bin\CL.exe /c /ZI /nologo /W3 /WX- /Od /Oy- /D WIN32 /D _DEBUG /D _CONSOLE /D _UNICODE /D UNICODE /Gm /EHsc /RTC1 /MDd /GS /fp:precise /Zc:wchar_t /Zc:forScope /Fo"Debug\\" /Fd"Debug\vc100.pdb" /Gd /TC /analyze- /errorReport:prompt four.c
         four.c
     1>c:\users\administrator\documents\visual studio 2010\projects\thethirdchaptor\thefourchaptor\four.c(12): warning C4028: 形参 1 与声明不同
     1>c:\users\administrator\documents\visual studio 2010\projects\thethirdchaptor\thefourchaptor\four.c(12): warning C4273: “atof”: dll 链接不一致
                 d:\program files (x86)\microsoft visual studio 10.0\vc\include\stdlib.h(402) : 参见“atof”的前一个定义
       ManifestResourceCompile:
         所有输出均为最新。
       Link:
         D:\Program Files (x86)\Microsoft Visual Studio 10.0\VC\bin\link.exe /ERRORREPORT:PROMPT /OUT:"c:\users\administrator\documents\visual studio 2010\Projects\TheFiveChaptor\Debug\TheFourChaptor.exe" /INCREMENTAL /NOLOGO kernel32.lib user32.lib gdi32.lib winspool.lib comdlg32.lib advapi32.lib shell32.lib ole32.lib oleaut32.lib uuid.lib odbc32.lib odbccp32.lib /MANIFEST /ManifestFile:"Debug\TheFourChaptor.exe.intermediate.manifest" /MANIFESTUAC:"level='asInvoker' uiAccess='false'" /DEBUG /PDB:"c:\users\administrator\documents\visual studio 2010\Projects\TheFiveChaptor\Debug\TheFourChaptor.pdb" /SUBSYSTEM:CONSOLE /TLBID:1 /DYNAMICBASE /NXCOMPAT /IMPLIB:"c:\users\administrator\documents\visual studio 2010\Projects\TheFiveChaptor\Debug\TheFourChaptor.lib" /MACHINE:X86 Debug\TheFourChaptor.exe.embed.manifest.res
         Debug\four.obj
         Debug\getch.obj
         Debug\getop.obj
         Debug\stack.obj
       Manifest:
         C:\Program Files (x86)\Microsoft SDKs\Windows\v7.0A\bin\mt.exe /nologo /verbose /out:"Debug\TheFourChaptor.exe.embed.manifest" /manifest Debug\TheFourChaptor.exe.intermediate.manifest
         所有输出均为最新。
       LinkEmbedManifest:
         所有输出均为最新。
         TheFourChaptor.vcxproj -> c:\users\administrator\documents\visual studio 2010\Projects\TheFiveChaptor\Debug\TheFourChaptor.exe
       FinalizeBuildStatus:
         正在删除文件“Debug\TheFourChaptor.unsuccessfulbuild”。
         正在对“Debug\TheFourChaptor.lastbuildstate”执行 Touch 任务。
     1>已完成生成项目“C:\Users\Administrator\Documents\Visual Studio 2010\Projects\TheThirdChaptor\TheFourChaptor\TheFourChaptor.vcxproj”(build 个目标)的操作。

生成成功。

已用时间 00:00:00.58
