生成启动时间为 2014/8/4 10:30:43。
     1>项目“C:\Users\Administrator\Documents\Visual Studio 2010\Projects\Function\Function\Function.vcxproj”在节点 2 上(build 个目标)。
     1>InitializeBuildStatus:
         正在创建“Debug\Function.unsuccessfulbuild”，因为已指定“AlwaysCreate”。
       ClCompile:
         D:\Program Files (x86)\Microsoft Visual Studio 10.0\VC\bin\CL.exe /c /ZI /nologo /W3 /WX- /Od /Oy- /D WIN32 /D _DEBUG /D _CONSOLE /D _UNICODE /D UNICODE /Gm /EHsc /RTC1 /MDd /GS /fp:precise /Zc:wchar_t /Zc:forScope /Fo"Debug\\" /Fd"Debug\vc100.pdb" /Gd /TC /analyze- /errorReport:prompt function.c
         function.c
     1>c:\users\administrator\documents\visual studio 2010\projects\function\function\function.c(6): warning C4067: 预处理器指令后有意外标记 - 应输入换行符
     1>c:\users\administrator\documents\visual studio 2010\projects\function\function\function.c(124): warning C4716: “getLine”: 必须返回一个值
       ManifestResourceCompile:
         所有输出均为最新。
       Link:
         D:\Program Files (x86)\Microsoft Visual Studio 10.0\VC\bin\link.exe /ERRORREPORT:PROMPT /OUT:"C:\Users\Administrator\Documents\Visual Studio 2010\Projects\Function\Debug\Function.exe" /INCREMENTAL /NOLOGO kernel32.lib user32.lib gdi32.lib winspool.lib comdlg32.lib advapi32.lib shell32.lib ole32.lib oleaut32.lib uuid.lib odbc32.lib odbccp32.lib /MANIFEST /ManifestFile:"Debug\Function.exe.intermediate.manifest" /MANIFESTUAC:"level='asInvoker' uiAccess='false'" /DEBUG /PDB:"C:\Users\Administrator\Documents\Visual Studio 2010\Projects\Function\Debug\Function.pdb" /SUBSYSTEM:CONSOLE /TLBID:1 /DYNAMICBASE /NXCOMPAT /IMPLIB:"C:\Users\Administrator\Documents\Visual Studio 2010\Projects\Function\Debug\Function.lib" /MACHINE:X86 Debug\Function.exe.embed.manifest.res
         Debug\function.obj
         Debug\second.obj
         Debug\stack.obj
         Debug\stack2.obj
       Manifest:
         C:\Program Files (x86)\Microsoft SDKs\Windows\v7.0A\bin\mt.exe /nologo /verbose /out:"Debug\Function.exe.embed.manifest" /manifest Debug\Function.exe.intermediate.manifest
         所有输出均为最新。
       LinkEmbedManifest:
         所有输出均为最新。
         Function.vcxproj -> C:\Users\Administrator\Documents\Visual Studio 2010\Projects\Function\Debug\Function.exe
       FinalizeBuildStatus:
         正在删除文件“Debug\Function.unsuccessfulbuild”。
         正在对“Debug\Function.lastbuildstate”执行 Touch 任务。
     1>已完成生成项目“C:\Users\Administrator\Documents\Visual Studio 2010\Projects\Function\Function\Function.vcxproj”(build 个目标)的操作。

生成成功。

已用时间 00:00:00.95
