生成启动时间为 2014/8/7 9:08:01。
     1>项目“C:\Users\Administrator\documents\visual studio 2010\Projects\Struct\Struct\Struct.vcxproj”在节点 2 上(build 个目标)。
     1>InitializeBuildStatus:
         正在创建“Debug\Struct.unsuccessfulbuild”，因为已指定“AlwaysCreate”。
       ClCompile:
         D:\Program Files (x86)\Microsoft Visual Studio 10.0\VC\bin\CL.exe /c /ZI /nologo /W3 /WX- /Od /Oy- /D WIN32 /D _DEBUG /D _CONSOLE /D _UNICODE /D UNICODE /Gm /EHsc /RTC1 /MDd /GS /fp:precise /Zc:wchar_t /Zc:forScope /Fo"Debug\\" /Fd"Debug\vc100.pdb" /Gd /TC /analyze- /errorReport:prompt Struct.c
         Struct.c
     1>c:\users\administrator\documents\visual studio 2010\projects\struct\struct\struct.c(92): warning C4715: “getword”: 不是所有的控件路径都返回值
     1>c:\users\administrator\documents\visual studio 2010\projects\struct\struct\struct.c(131): warning C4715: “lookup”: 不是所有的控件路径都返回值
       ManifestResourceCompile:
         所有输出均为最新。
       Link:
         D:\Program Files (x86)\Microsoft Visual Studio 10.0\VC\bin\link.exe /ERRORREPORT:PROMPT /OUT:"C:\Users\Administrator\documents\visual studio 2010\Projects\Struct\Debug\Struct.exe" /INCREMENTAL /NOLOGO kernel32.lib user32.lib gdi32.lib winspool.lib comdlg32.lib advapi32.lib shell32.lib ole32.lib oleaut32.lib uuid.lib odbc32.lib odbccp32.lib /MANIFEST /ManifestFile:"Debug\Struct.exe.intermediate.manifest" /MANIFESTUAC:"level='asInvoker' uiAccess='false'" /DEBUG /PDB:"C:\Users\Administrator\documents\visual studio 2010\Projects\Struct\Debug\Struct.pdb" /SUBSYSTEM:CONSOLE /TLBID:1 /DYNAMICBASE /NXCOMPAT /IMPLIB:"C:\Users\Administrator\documents\visual studio 2010\Projects\Struct\Debug\Struct.lib" /MACHINE:X86 Debug\Struct.exe.embed.manifest.res
         Debug\Struct.obj
       Manifest:
         C:\Program Files (x86)\Microsoft SDKs\Windows\v7.0A\bin\mt.exe /nologo /verbose /out:"Debug\Struct.exe.embed.manifest" /manifest Debug\Struct.exe.intermediate.manifest
         所有输出均为最新。
       LinkEmbedManifest:
         所有输出均为最新。
         Struct.vcxproj -> C:\Users\Administrator\documents\visual studio 2010\Projects\Struct\Debug\Struct.exe
       FinalizeBuildStatus:
         正在删除文件“Debug\Struct.unsuccessfulbuild”。
         正在对“Debug\Struct.lastbuildstate”执行 Touch 任务。
     1>已完成生成项目“C:\Users\Administrator\documents\visual studio 2010\Projects\Struct\Struct\Struct.vcxproj”(build 个目标)的操作。

生成成功。

已用时间 00:00:00.60
